<?xml version="1.0" encoding="UTF-8"?>
<testng-results ignored="0" total="1" passed="1" failed="0" skipped="0">
  <reporter-output>
  </reporter-output>
  <suite started-at="2023-11-07T23:23:21 IST" name="Default suite" finished-at="2023-11-07T23:23:52 IST" duration-ms="30771">
    <groups>
    </groups>
    <test started-at="2023-11-07T23:23:21 IST" name="Default test" finished-at="2023-11-07T23:23:52 IST" duration-ms="30771">
      <class name="testPkg.testClass">
        <test-method is-config="true" signature="setUp()[pri:0, instance:testPkg.testClass@4c583ecf]" started-at="2023-11-07T23:23:21 IST" name="setUp" finished-at="2023-11-07T23:23:40 IST" duration-ms="18767" status="PASS">
          <reporter-output>
          </reporter-output>
        </test-method> <!-- setUp -->
        <test-method signature="test()[pri:0, instance:testPkg.testClass@4c583ecf]" started-at="2023-11-07T23:23:41 IST" name="test" finished-at="2023-11-07T23:23:52 IST" duration-ms="10728" status="PASS">
          <reporter-output>
          </reporter-output>
        </test-method> <!-- test -->
      </class> <!-- testPkg.testClass -->
    </test> <!-- Default test -->
  </suite> <!-- Default suite -->
</testng-results>
